Logfile initialized
[INFO] logfile = /Users/albertsorianogarcia/Documents/Titanium Studio Workspace/Semanas-embarazo/build.log
[DEBUG] /Users/albertsorianogarcia/Library/Application Support/Titanium/mobilesdk/osx/1.8.2/android/builder.py simulator Prueba Semanas /Users/albertsorianogarcia/Desktop/android /Users/albertsorianogarcia/Documents/Titanium Studio Workspace/Semanas-embarazo com.embarazo.semanas 4 WVGA800 
[INFO] Building Prueba Semanas for Android ... one moment
[INFO] Titanium SDK version: 1.8.2 (02/23/12 17:46 59b3a90)
[DEBUG] Waiting for device to be ready ...
[TRACE] adb devices returned 1 devices/emulators
[DEBUG] Device connected... (waited 0 seconds)
[DEBUG] waited 0.045227 seconds on emulator to get ready
[DEBUG] com.embarazo.semanas installed? True
[INFO] Fastdev server running, deploying in Fastdev mode
[INFO] Copying project resources..
[TRACE] COPYING MODIFIED FILE: /Users/albertsorianogarcia/Documents/Titanium Studio Workspace/Semanas-embarazo/Resources/ui/common/DetailView.js => /Users/albertsorianogarcia/Documents/Titanium Studio Workspace/Semanas-embarazo/build/android/bin/assets/Resources/ui/common/DetailView.js
[TRACE] COPYING MODIFIED FILE: /Users/albertsorianogarcia/Documents/Titanium Studio Workspace/Semanas-embarazo/Resources/ui/common/MasterView.js => /Users/albertsorianogarcia/Documents/Titanium Studio Workspace/Semanas-embarazo/build/android/bin/assets/Resources/ui/common/MasterView.js
[INFO] Tiapp.xml unchanged, skipping class generation
[DEBUG] Processing Android resource drawables
[DEBUG] found drawable-long-land-hdpi splash screen at /Users/albertsorianogarcia/Documents/Titanium Studio Workspace/Semanas-embarazo/Resources/android/images/res-long-land-hdpi/default.png
[DEBUG] found drawable-long-land-ldpi splash screen at /Users/albertsorianogarcia/Documents/Titanium Studio Workspace/Semanas-embarazo/Resources/android/images/res-long-land-ldpi/default.png
[DEBUG] found drawable-long-port-hdpi splash screen at /Users/albertsorianogarcia/Documents/Titanium Studio Workspace/Semanas-embarazo/Resources/android/images/res-long-port-hdpi/default.png
[DEBUG] found drawable-long-port-ldpi splash screen at /Users/albertsorianogarcia/Documents/Titanium Studio Workspace/Semanas-embarazo/Resources/android/images/res-long-port-ldpi/default.png
[DEBUG] found drawable-notlong-land-hdpi splash screen at /Users/albertsorianogarcia/Documents/Titanium Studio Workspace/Semanas-embarazo/Resources/android/images/res-notlong-land-hdpi/default.png
[DEBUG] found drawable-notlong-land-ldpi splash screen at /Users/albertsorianogarcia/Documents/Titanium Studio Workspace/Semanas-embarazo/Resources/android/images/res-notlong-land-ldpi/default.png
[DEBUG] found drawable-notlong-land-mdpi splash screen at /Users/albertsorianogarcia/Documents/Titanium Studio Workspace/Semanas-embarazo/Resources/android/images/res-notlong-land-mdpi/default.png
[DEBUG] found drawable-notlong-port-hdpi splash screen at /Users/albertsorianogarcia/Documents/Titanium Studio Workspace/Semanas-embarazo/Resources/android/images/res-notlong-port-hdpi/default.png
[DEBUG] found drawable-notlong-port-ldpi splash screen at /Users/albertsorianogarcia/Documents/Titanium Studio Workspace/Semanas-embarazo/Resources/android/images/res-notlong-port-ldpi/default.png
[DEBUG] found drawable-notlong-port-mdpi splash screen at /Users/albertsorianogarcia/Documents/Titanium Studio Workspace/Semanas-embarazo/Resources/android/images/res-notlong-port-mdpi/default.png
[INFO] Waiting for SDCard to become available..
[INFO] Re-launching application ... Prueba Semanas
[INFO] Launching application ... Prueba Semanas
[TRACE] Launch output: Starting: Intent { act=android.intent.action.MAIN cat=[android.intent.category.LAUNCHER] cmp=com.embarazo.semanas/.PruebaSemanasActivity }
Warning: Activity not started, its current task has been brought to the front

